
ROM used: 125 (2%)
          125 (2%) including unused fragments

          0 Average locations per line
          5 Average locations per statement

RAM used: 8 (2%) at main() level
          8 (2%) worst case

Stack used: 1 worst case (out of 8 total available)

Lines Stmts  %   Files
----- ----- ---  -----
   72    26 100  LED_BUTTON.c
  411     0   0  C:\Program Files (x86)\PICC\devices\16f887.h
----- -----
  483    26 Total

Page ROM  %  RAM   Vol Diff  Functions:
---- --- --- ---   --- ----  ----------
0     33  26   1   119  2.5  Button1
0     33  26   1   119  2.5  Button2
0     55  44   1   202  2.2  MAIN

Program metrics:
    Functions               3
    Statements              26
    Comments                88
    Volume (V)              595
    Difficilty (D)          7.4
    Effort to implement (E) 4386
    Time to implement (T)   4 minutes
    Est Delivered Bugs (B)  0
    Cyclomatic Complexity   2
    Maintainability (MI)    151

 Segment     Used  Free
-----------  ----  ----
00000-00003     4  0  
00004-007FF   121  1923  
00800-00FFF     0  2048  
01000-017FF     0  2048  
01800-01FFF     0  2048  



